Array
(
    [car_id] => 46
    [name] => ываываы пвавпав
    [phone] => +79342874732
    [date] => 2025-06-17
    [time] => 09:00
)

Array
(
    [car_id] => 46
    [name] => ываываы
    [phone] => +79342874732
    [date] => 2025-06-17
    [time] => 09:00
)

Array
(
    [car_id] => 46
    [name] => ываываы пвавпав
    [phone] => +79342874732
    [date] => 2025-06-17
    [time] => 14:00
)

Array
(
    [car_id] => 46
    [date] => 2025-06-18
    [time] => 12:00
)

Array
(
    [car_id] => 46
    [name] => ываываы пвавпав
    [phone] => +79342874732
    [date] => 2025-06-18
    [time] => 09:00
)

Array
(
    [car_id] => 23
    [name] => ываываы пвавпав
    [phone] => +79342874732
    [date] => 2025-06-18
    [time] => 09:00
)

